<?xml version="1.0" encoding="UTF-8"?>
<!-- Generated by org.testng.reporters.JUnitReportReporter -->
<testsuite hostname="aayarkar" failures="0" tests="1" name="MavenAutomationTesting.SeleniumAutoTestingOnMaven.Driver_launch" time="20.535" errors="0" timestamp="2024-03-30T23:26:05 IST" skipped="0">
  <testcase classname="MavenAutomationTesting.SeleniumAutoTestingOnMaven.Driver_launch" name="chromelaunch" time="20.535"/>
</testsuite> <!-- MavenAutomationTesting.SeleniumAutoTestingOnMaven.Driver_launch -->
