<?xml version="1.0" encoding="UTF-8"?>
<!-- Generated by org.testng.reporters.JUnitReportReporter -->
<testsuite hostname="aayarkar" failures="0" tests="1" name="MavenAutomationTesting.SeleniumAutoTestingOnMaven.copy.Driver_launch_1" time="6.708" errors="0" timestamp="2024-03-31T13:02:23 IST" skipped="0">
  <testcase classname="MavenAutomationTesting.SeleniumAutoTestingOnMaven.copy.Driver_launch_1" name="chrome_launch_1" time="6.708"/>
</testsuite> <!-- MavenAutomationTesting.SeleniumAutoTestingOnMaven.copy.Driver_launch_1 -->
