<?xml version="1.0" encoding="UTF-8"?>
<!-- Generated by org.testng.reporters.JUnitReportReporter -->
<testsuite hostname="aayarkar" failures="0" tests="1" name="MavenAutomationTesting.SeleniumAutoTestingOnMaven.copy3.SignIn" time="27.975" errors="0" timestamp="2024-04-07T02:11:08 IST" skipped="0">
  <testcase classname="MavenAutomationTesting.SeleniumAutoTestingOnMaven.copy3.SignIn" name="amzonSignIn" time="27.975"/>
</testsuite> <!-- MavenAutomationTesting.SeleniumAutoTestingOnMaven.copy3.SignIn -->
