<?xml version="1.0" encoding="UTF-8"?>
<!-- Generated by org.testng.reporters.JUnitReportReporter -->
<testsuite hostname="aayarkar" failures="0" tests="1" name="MavenAutomationTesting.SeleniumAutoTestingOnMaven.copy3.Driver_launch" time="7.645" errors="0" timestamp="2024-04-07T02:06:34 IST" skipped="0">
  <testcase classname="MavenAutomationTesting.SeleniumAutoTestingOnMaven.copy3.Driver_launch" name="chromelaunch" time="7.645"/>
</testsuite> <!-- MavenAutomationTesting.SeleniumAutoTestingOnMaven.copy3.Driver_launch -->
