<?xml version="1.0" encoding="UTF-8"?>
<!-- Generated by org.testng.reporters.JUnitReportReporter -->
<testsuite hostname="aayarkar" failures="0" tests="2" name="practise.Signin" time="9.800" errors="0" timestamp="2024-04-07T00:22:34 IST" skipped="0">
  <testcase classname="practise.Signin" name="run" time="4.815"/>
  <testcase classname="practise.Signin" name="clickOnSign" time="4.985"/>
</testsuite> <!-- practise.Signin -->
