<?xml version="1.0" encoding="UTF-8"?>
<!-- Generated by org.testng.reporters.JUnitReportReporter -->
<testsuite hostname="aayarkar" failures="0" tests="1" name="MavenAutomationTesting.SeleniumAutoTestingOnMaven.copy.Driver_launch" time="9.587" errors="0" timestamp="2024-03-30T23:39:50 IST" skipped="0">
  <testcase classname="MavenAutomationTesting.SeleniumAutoTestingOnMaven.copy.Driver_launch" name="chromelaunch" time="9.587"/>
</testsuite> <!-- MavenAutomationTesting.SeleniumAutoTestingOnMaven.copy.Driver_launch -->
