<?xml version="1.0" encoding="UTF-8"?>
<!-- Generated by org.testng.reporters.JUnitReportReporter -->
<testsuite hostname="aayarkar" failures="0" tests="1" name="practise.AmazonSignin" time="15.470" errors="0" timestamp="2024-04-09T17:15:54 IST" skipped="0">
  <testcase classname="practise.AmazonSignin" name="clickOnSign" time="15.470"/>
</testsuite> <!-- practise.AmazonSignin -->
