<?xml version="1.0" encoding="UTF-8"?>
<!-- Generated by org.testng.reporters.JUnitReportReporter -->
<testsuite hostname="aayarkar" failures="0" tests="1" name="practise.Basetest12" time="5.723" errors="0" timestamp="2024-04-07T00:14:06 IST" skipped="0">
  <testcase classname="practise.Basetest12" name="run" time="5.723"/>
</testsuite> <!-- practise.Basetest12 -->
