<?xml version="1.0" encoding="UTF-8"?>
<!-- Generated by org.testng.reporters.JUnitReportReporter -->
<testsuite hostname="aayarkar" failures="0" tests="1" name="Practice_at_pune.TestCase" time="24.149" errors="0" timestamp="2024-04-09T18:43:50 IST" skipped="0">
  <testcase classname="Practice_at_pune.TestCase" name="getTitle" time="24.149"/>
</testsuite> <!-- Practice_at_pune.TestCase -->
