<?xml version="1.0" encoding="UTF-8"?>
<!-- Generated by org.testng.reporters.JUnitReportReporter -->
<testsuite hostname="aayarkar" failures="0" tests="1" name="MavenAutomationTesting.SeleniumAutoTestingOnMaven.copy2.Driver_launch" time="10.618" errors="0" timestamp="2024-03-31T22:30:43 IST" skipped="0">
  <testcase classname="MavenAutomationTesting.SeleniumAutoTestingOnMaven.copy2.Driver_launch" name="chromelaunch" time="10.618"/>
</testsuite> <!-- MavenAutomationTesting.SeleniumAutoTestingOnMaven.copy2.Driver_launch -->
