<?xml version="1.0" encoding="UTF-8"?>
<!-- Generated by org.testng.reporters.JUnitReportReporter -->
<testsuite hostname="aayarkar" failures="0" tests="1" name="ExtendReports.ExtendReportsStandAlone" time="8.079" errors="0" timestamp="2024-04-14T19:58:37 IST" skipped="0">
  <testcase classname="ExtendReports.ExtendReportsStandAlone" name="initialDemo" time="8.079"/>
</testsuite> <!-- ExtendReports.ExtendReportsStandAlone -->
